<?xml version="1.0" encoding="UTF-8"?>
<!-- Generated by org.testng.reporters.JUnitReportReporter -->
<testsuite hostname="SHARATH" failures="0" tests="13" name="com.shutapp.bottomnavbutton.ProfilePage" time="13.323" errors="1" timestamp="17 Jun 2019 09:34:42 GMT" skipped="12">
  <testcase classname="com.shutapp.bottomnavbutton.ProfilePage" name="Capabilities" time="13.323">
    <error message="Unable to create a new remote session. Please check the server log for more details. Original error: An unknown server-side error occurred while processing the command. Original error: Cannot start the &#039;in.dbst.shutappv1.dev&#039; application. Visit https://github.com/appium/appium/blob/master/docs/en/writing-running-appium/android/activity-startup.md for troubleshooting. Original error: Error executing adbExec. Original error: &#039;Command &#039;C\:\\Users\\Shara\\AppData\\Local\\Android\\Sdk\\platform-tools\\adb.exe -P 5037 -s 5200963ffad2748b shell am start -W -n in.dbst.shutappv1.dev/in.dbst.shutappv1.ui.components.launcher.ActivityLauncher -S -a android.intent.action.MAIN -c android.intent.category.LAUNCHER -f 0x10200000&#039; exited with code 4294967295&#039;; Stderr: &#039;Security exception: Permission Denial: starting Intent { act=android.intent.action.MAIN cat=[android.intent.category.LAUNCHER] flg=0x10200000 cmp=in.dbst.shutappv1.dev/in.dbst.shutappv1.ui.components.launcher.ActivityLauncher } from null (pid=25524, uid=2000) not exported from uid 10299

java.lang.SecurityException: Permission Denial: starting Intent { act=android.intent.action.MAIN cat=[android.intent.category.LAUNCHER] flg=0x10200000 cmp=in.dbst.shutappv1.dev/in.dbst.shutappv1.ui.components.launcher.ActivityLauncher } from null (pid=25524, uid=2000) not exported from uid 10299
	at com.android.server.am.ActivityStackSupervisor.checkStartAnyActivityPermission(ActivityStackSupervisor.java:2102)
	at com.android.server.am.ActivityStarter.startActivity(ActivityStarter.java:681)
	at com.android.server.am.ActivityStarter.startActivityLocked(ActivityStarter.java:455)
	at com.android.server.am.ActivityStarter.startActivityMayWait(ActivityStarter.java:1376)
	at com.android.server.am.ActivityManagerService.startActivityAndWait(ActivityManagerService.java:6520)
	at com.android.server.am.ActivityManagerShellCommand.runStartActivity(ActivityManagerShellCommand.java:426)
	at com.android.server.am.ActivityManagerShellCommand.onCommand(ActivityManagerShellCommand.java:142)
	at android.os.ShellCommand.exec(ShellCommand.java:96)
	at com.android.server.am.ActivityManagerService.onShellCommand(ActivityManagerService.java:19484)
	at android.os.Binder.shellCommand(Binder.java:602)
	at android.os.Binder.onTransact(Binder.java:500)
	at android.app.IActivityManager$Stub.onTransact(IActivityManager.java:4713)
	at com.android.server.am.ActivityManagerService.onTransact(ActivityManagerService.java:4032)
	at android.os.Binder.execTransact(Binder.java:705)&#039;; Code: &#039;4294967295&#039;
Build info: version: &#039;3.141.59&#039;, revision: &#039;e82be7d358&#039;, time: &#039;2018-11-14T08:17:03&#039;
System info: host: &#039;SHARATH&#039;, ip: &#039;192.168.0.173&#039;, os.name: &#039;Windows 10&#039;, os.arch: &#039;amd64&#039;, os.version: &#039;10.0&#039;, java.version: &#039;12.0.1&#039;
Driver info: driver.version: AndroidDriver
remote stacktrace: UnknownError: An unknown server-side error occurred while processing the command. Original error: Cannot start the &#039;in.dbst.shutappv1.dev&#039; application. Visit https://github.com/appium/appium/blob/master/docs/en/writing-running-appium/android/activity-startup.md for troubleshooting. Original error: Error executing adbExec. Original error: &#039;Command &#039;C\:\\Users\\Shara\\AppData\\Local\\Android\\Sdk\\platform-tools\\adb.exe -P 5037 -s 5200963ffad2748b shell am start -W -n in.dbst.shutappv1.dev/in.dbst.shutappv1.ui.components.launcher.ActivityLauncher -S -a android.intent.action.MAIN -c android.intent.category.LAUNCHER -f 0x10200000&#039; exited with code 4294967295&#039;; Stderr: &#039;Security exception: Permission Denial: starting Intent { act=android.intent.action.MAIN cat=[android.intent.category.LAUNCHER] flg=0x10200000 cmp=in.dbst.shutappv1.dev/in.dbst.shutappv1.ui.components.launcher.ActivityLauncher } from null (pid=25524, uid=2000) not exported from uid 10299

java.lang.SecurityException: Permission Denial: starting Intent { act=android.intent.action.MAIN cat=[android.intent.category.LAUNCHER] flg=0x10200000 cmp=in.dbst.shutappv1.dev/in.dbst.shutappv1.ui.components.launcher.ActivityLauncher } from null (pid=25524, uid=2000) not exported from uid 10299
	at com.android.server.am.ActivityStackSupervisor.checkStartAnyActivityPermission(ActivityStackSupervisor.java:2102)
	at com.android.server.am.ActivityStarter.startActivity(ActivityStarter.java:681)
	at com.android.server.am.ActivityStarter.startActivityLocked(ActivityStarter.java:455)
	at com.android.server.am.ActivityStarter.startActivityMayWait(ActivityStarter.java:1376)
	at com.android.server.am.ActivityManagerService.startActivityAndWait(ActivityManagerService.java:6520)
	at com.android.server.am.ActivityManagerShellCommand.runStartActivity(ActivityManagerShellCommand.java:426)
	at com.android.server.am.ActivityManagerShellCommand.onCommand(ActivityManagerShellCommand.java:142)
	at android.os.ShellCommand.exec(ShellCommand.java:96)
	at com.android.server.am.ActivityManagerService.onShellCommand(ActivityManagerService.java:19484)
	at android.os.Binder.shellCommand(Binder.java:602)
	at android.os.Binder.onTransact(Binder.java:500)
	at android.app.IActivityManager$Stub.onTransact(IActivityManager.java:4713)
	at com.android.server.am.ActivityManagerService.onTransact(ActivityManagerService.java:4032)
	at android.os.Binder.execTransact(Binder.java:705)&#039;; Code: &#039;4294967295&#039;
    at getResponseForW3CError (C:\Users\Shara\AppData\Roaming\npm\node_modules\appium\node_modules\appium-base-driver\lib\protocol\errors.js:826:9)
    at asyncHandler (C:\Users\Shara\AppData\Roaming\npm\node_modules\appium\node_modules\appium-base-driver\lib\protocol\protocol.js:447:37)
Build info: version: &#039;3.141.59&#039;, revision: &#039;e82be7d358&#039;, time: &#039;2018-11-14T08:17:03&#039;
System info: host: &#039;SHARATH&#039;, ip: &#039;192.168.0.173&#039;, os.name: &#039;Windows 10&#039;, os.arch: &#039;amd64&#039;, os.version: &#039;10.0&#039;, java.version: &#039;12.0.1&#039;
Driver info: driver.version: AndroidDriver" type="org.openqa.selenium.SessionNotCreatedException">
      <![CDATA[org.openqa.selenium.SessionNotCreatedException: Unable to create a new remote session. Please check the server log for more details. Original error: An unknown server-side error occurred while processing the command. Original error: Cannot start the 'in.dbst.shutappv1.dev' application. Visit https://github.com/appium/appium/blob/master/docs/en/writing-running-appium/android/activity-startup.md for troubleshooting. Original error: Error executing adbExec. Original error: 'Command 'C\:\\Users\\Shara\\AppData\\Local\\Android\\Sdk\\platform-tools\\adb.exe -P 5037 -s 5200963ffad2748b shell am start -W -n in.dbst.shutappv1.dev/in.dbst.shutappv1.ui.components.launcher.ActivityLauncher -S -a android.intent.action.MAIN -c android.intent.category.LAUNCHER -f 0x10200000' exited with code 4294967295'; Stderr: 'Security exception: Permission Denial: starting Intent { act=android.intent.action.MAIN cat=[android.intent.category.LAUNCHER] flg=0x10200000 cmp=in.dbst.shutappv1.dev/in.dbst.shutappv1.ui.components.launcher.ActivityLauncher } from null (pid=25524, uid=2000) not exported from uid 10299

java.lang.SecurityException: Permission Denial: starting Intent { act=android.intent.action.MAIN cat=[android.intent.category.LAUNCHER] flg=0x10200000 cmp=in.dbst.shutappv1.dev/in.dbst.shutappv1.ui.components.launcher.ActivityLauncher } from null (pid=25524, uid=2000) not exported from uid 10299
at com.android.server.am.ActivityStackSupervisor.checkStartAnyActivityPermission(ActivityStackSupervisor.java:2102)
at com.android.server.am.ActivityStarter.startActivity(ActivityStarter.java:681)
at com.android.server.am.ActivityStarter.startActivityLocked(ActivityStarter.java:455)
at com.android.server.am.ActivityStarter.startActivityMayWait(ActivityStarter.java:1376)
at com.android.server.am.ActivityManagerService.startActivityAndWait(ActivityManagerService.java:6520)
at com.android.server.am.ActivityManagerShellCommand.runStartActivity(ActivityManagerShellCommand.java:426)
at com.android.server.am.ActivityManagerShellCommand.onCommand(ActivityManagerShellCommand.java:142)
at android.os.ShellCommand.exec(ShellCommand.java:96)
at com.android.server.am.ActivityManagerService.onShellCommand(ActivityManagerService.java:19484)
at android.os.Binder.shellCommand(Binder.java:602)
at android.os.Binder.onTransact(Binder.java:500)
at android.app.IActivityManager$Stub.onTransact(IActivityManager.java:4713)
at com.android.server.am.ActivityManagerService.onTransact(ActivityManagerService.java:4032)
at android.os.Binder.execTransact(Binder.java:705)'; Code: '4294967295'
Build info: version: '3.141.59', revision: 'e82be7d358', time: '2018-11-14T08:17:03'
System info: host: 'SHARATH', ip: '192.168.0.173', os.name: 'Windows 10', os.arch: 'amd64', os.version: '10.0', java.version: '12.0.1'
Driver info: driver.version: AndroidDriver
remote stacktrace: UnknownError: An unknown server-side error occurred while processing the command. Original error: Cannot start the 'in.dbst.shutappv1.dev' application. Visit https://github.com/appium/appium/blob/master/docs/en/writing-running-appium/android/activity-startup.md for troubleshooting. Original error: Error executing adbExec. Original error: 'Command 'C\:\\Users\\Shara\\AppData\\Local\\Android\\Sdk\\platform-tools\\adb.exe -P 5037 -s 5200963ffad2748b shell am start -W -n in.dbst.shutappv1.dev/in.dbst.shutappv1.ui.components.launcher.ActivityLauncher -S -a android.intent.action.MAIN -c android.intent.category.LAUNCHER -f 0x10200000' exited with code 4294967295'; Stderr: 'Security exception: Permission Denial: starting Intent { act=android.intent.action.MAIN cat=[android.intent.category.LAUNCHER] flg=0x10200000 cmp=in.dbst.shutappv1.dev/in.dbst.shutappv1.ui.components.launcher.ActivityLauncher } from null (pid=25524, uid=2000) not exported from uid 10299

java.lang.SecurityException: Permission Denial: starting Intent { act=android.intent.action.MAIN cat=[android.intent.category.LAUNCHER] flg=0x10200000 cmp=in.dbst.shutappv1.dev/in.dbst.shutappv1.ui.components.launcher.ActivityLauncher } from null (pid=25524, uid=2000) not exported from uid 10299
at com.android.server.am.ActivityStackSupervisor.checkStartAnyActivityPermission(ActivityStackSupervisor.java:2102)
at com.android.server.am.ActivityStarter.startActivity(ActivityStarter.java:681)
at com.android.server.am.ActivityStarter.startActivityLocked(ActivityStarter.java:455)
at com.android.server.am.ActivityStarter.startActivityMayWait(ActivityStarter.java:1376)
at com.android.server.am.ActivityManagerService.startActivityAndWait(ActivityManagerService.java:6520)
at com.android.server.am.ActivityManagerShellCommand.runStartActivity(ActivityManagerShellCommand.java:426)
at com.android.server.am.ActivityManagerShellCommand.onCommand(ActivityManagerShellCommand.java:142)
at android.os.ShellCommand.exec(ShellCommand.java:96)
at com.android.server.am.ActivityManagerService.onShellCommand(ActivityManagerService.java:19484)
at android.os.Binder.shellCommand(Binder.java:602)
at android.os.Binder.onTransact(Binder.java:500)
at android.app.IActivityManager$Stub.onTransact(IActivityManager.java:4713)
at com.android.server.am.ActivityManagerService.onTransact(ActivityManagerService.java:4032)
at android.os.Binder.execTransact(Binder.java:705)'; Code: '4294967295'
    at getResponseForW3CError (C:\Users\Shara\AppData\Roaming\npm\node_modules\appium\node_modules\appium-base-driver\lib\protocol\errors.js:826:9)
    at asyncHandler (C:\Users\Shara\AppData\Roaming\npm\node_modules\appium\node_modules\appium-base-driver\lib\protocol\protocol.js:447:37)
Build info: version: '3.141.59', revision: 'e82be7d358', time: '2018-11-14T08:17:03'
System info: host: 'SHARATH', ip: '192.168.0.173', os.name: 'Windows 10', os.arch: 'amd64', os.version: '10.0', java.version: '12.0.1'
Driver info: driver.version: AndroidDriver
at io.appium.java_client.remote.AppiumCommandExecutor$1.createSession(AppiumCommandExecutor.java:208)
at io.appium.java_client.remote.AppiumCommandExecutor.createSession(AppiumCommandExecutor.java:217)
at io.appium.java_client.remote.AppiumCommandExecutor.execute(AppiumCommandExecutor.java:239)
at org.openqa.selenium.remote.RemoteWebDriver.execute(RemoteWebDriver.java:552)
at io.appium.java_client.DefaultGenericMobileDriver.execute(DefaultGenericMobileDriver.java:42)
at io.appium.java_client.AppiumDriver.execute(AppiumDriver.java:1)
at io.appium.java_client.android.AndroidDriver.execute(AndroidDriver.java:1)
at org.openqa.selenium.remote.RemoteWebDriver.startSession(RemoteWebDriver.java:213)
at org.openqa.selenium.remote.RemoteWebDriver.<init>(RemoteWebDriver.java:131)
at io.appium.java_client.DefaultGenericMobileDriver.<init>(DefaultGenericMobileDriver.java:38)
at io.appium.java_client.AppiumDriver.<init>(AppiumDriver.java:84)
at io.appium.java_client.AppiumDriver.<init>(AppiumDriver.java:94)
at io.appium.java_client.android.AndroidDriver.<init>(AndroidDriver.java:95)
at com.shutapp.loginflow.AppiumServer.Capabilities(AppiumServer.java:94)
at java.base/jdk.internal.reflect.NativeMethodAccessorImpl.invoke0(Native Method)
at java.base/jdk.internal.reflect.NativeMethodAccessorImpl.invoke(NativeMethodAccessorImpl.java:62)
at java.base/jdk.internal.reflect.DelegatingMethodAccessorImpl.invoke(DelegatingMethodAccessorImpl.java:43)
at java.base/java.lang.reflect.Method.invoke(Method.java:567)
at org.testng.internal.MethodInvocationHelper.invokeMethod(MethodInvocationHelper.java:124)
at org.testng.internal.MethodInvocationHelper.invokeMethodConsideringTimeout(MethodInvocationHelper.java:59)
at org.testng.internal.Invoker.invokeConfigurationMethod(Invoker.java:458)
at org.testng.internal.Invoker.invokeConfigurations(Invoker.java:222)
at org.testng.internal.Invoker.invokeConfigurations(Invoker.java:142)
at org.testng.TestRunner.beforeRun(TestRunner.java:529)
at org.testng.TestRunner.run(TestRunner.java:497)
at org.testng.SuiteRunner.runTest(SuiteRunner.java:455)
at org.testng.SuiteRunner.runSequentially(SuiteRunner.java:450)
at org.testng.SuiteRunner.privateRun(SuiteRunner.java:415)
at org.testng.SuiteRunner.run(SuiteRunner.java:364)
at org.testng.SuiteRunnerWorker.runSuite(SuiteRunnerWorker.java:52)
at org.testng.SuiteRunnerWorker.run(SuiteRunnerWorker.java:84)
at org.testng.TestNG.runSuitesSequentially(TestNG.java:1208)
at org.testng.TestNG.runSuitesLocally(TestNG.java:1137)
at org.testng.TestNG.runSuites(TestNG.java:1049)
at org.testng.TestNG.run(TestNG.java:1017)
at org.testng.remote.AbstractRemoteTestNG.run(AbstractRemoteTestNG.java:115)
at org.testng.remote.RemoteTestNG.initAndRun(RemoteTestNG.java:251)
at org.testng.remote.RemoteTestNG.main(RemoteTestNG.java:77)
Caused by: java.lang.reflect.InvocationTargetException
at java.base/jdk.internal.reflect.NativeMethodAccessorImpl.invoke0(Native Method)
at java.base/jdk.internal.reflect.NativeMethodAccessorImpl.invoke(NativeMethodAccessorImpl.java:62)
at java.base/jdk.internal.reflect.DelegatingMethodAccessorImpl.invoke(DelegatingMethodAccessorImpl.java:43)
at java.base/java.lang.reflect.Method.invoke(Method.java:567)
at io.appium.java_client.remote.AppiumCommandExecutor$1.createSession(AppiumCommandExecutor.java:186)
... 37 more
Caused by: org.openqa.selenium.WebDriverException: An unknown server-side error occurred while processing the command. Original error: Cannot start the 'in.dbst.shutappv1.dev' application. Visit https://github.com/appium/appium/blob/master/docs/en/writing-running-appium/android/activity-startup.md for troubleshooting. Original error: Error executing adbExec. Original error: 'Command 'C\:\\Users\\Shara\\AppData\\Local\\Android\\Sdk\\platform-tools\\adb.exe -P 5037 -s 5200963ffad2748b shell am start -W -n in.dbst.shutappv1.dev/in.dbst.shutappv1.ui.components.launcher.ActivityLauncher -S -a android.intent.action.MAIN -c android.intent.category.LAUNCHER -f 0x10200000' exited with code 4294967295'; Stderr: 'Security exception: Permission Denial: starting Intent { act=android.intent.action.MAIN cat=[android.intent.category.LAUNCHER] flg=0x10200000 cmp=in.dbst.shutappv1.dev/in.dbst.shutappv1.ui.components.launcher.ActivityLauncher } from null (pid=25524, uid=2000) not exported from uid 10299

java.lang.SecurityException: Permission Denial: starting Intent { act=android.intent.action.MAIN cat=[android.intent.category.LAUNCHER] flg=0x10200000 cmp=in.dbst.shutappv1.dev/in.dbst.shutappv1.ui.components.launcher.ActivityLauncher } from null (pid=25524, uid=2000) not exported from uid 10299
at com.android.server.am.ActivityStackSupervisor.checkStartAnyActivityPermission(ActivityStackSupervisor.java:2102)
at com.android.server.am.ActivityStarter.startActivity(ActivityStarter.java:681)
at com.android.server.am.ActivityStarter.startActivityLocked(ActivityStarter.java:455)
at com.android.server.am.ActivityStarter.startActivityMayWait(ActivityStarter.java:1376)
at com.android.server.am.ActivityManagerService.startActivityAndWait(ActivityManagerService.java:6520)
at com.android.server.am.ActivityManagerShellCommand.runStartActivity(ActivityManagerShellCommand.java:426)
at com.android.server.am.ActivityManagerShellCommand.onCommand(ActivityManagerShellCommand.java:142)
at android.os.ShellCommand.exec(ShellCommand.java:96)
at com.android.server.am.ActivityManagerService.onShellCommand(ActivityManagerService.java:19484)
at android.os.Binder.shellCommand(Binder.java:602)
at android.os.Binder.onTransact(Binder.java:500)
at android.app.IActivityManager$Stub.onTransact(IActivityManager.java:4713)
at com.android.server.am.ActivityManagerService.onTransact(ActivityManagerService.java:4032)
at android.os.Binder.execTransact(Binder.java:705)'; Code: '4294967295'
Build info: version: '3.141.59', revision: 'e82be7d358', time: '2018-11-14T08:17:03'
System info: host: 'SHARATH', ip: '192.168.0.173', os.name: 'Windows 10', os.arch: 'amd64', os.version: '10.0', java.version: '12.0.1'
Driver info: driver.version: AndroidDriver
remote stacktrace: UnknownError: An unknown server-side error occurred while processing the command. Original error: Cannot start the 'in.dbst.shutappv1.dev' application. Visit https://github.com/appium/appium/blob/master/docs/en/writing-running-appium/android/activity-startup.md for troubleshooting. Original error: Error executing adbExec. Original error: 'Command 'C\:\\Users\\Shara\\AppData\\Local\\Android\\Sdk\\platform-tools\\adb.exe -P 5037 -s 5200963ffad2748b shell am start -W -n in.dbst.shutappv1.dev/in.dbst.shutappv1.ui.components.launcher.ActivityLauncher -S -a android.intent.action.MAIN -c android.intent.category.LAUNCHER -f 0x10200000' exited with code 4294967295'; Stderr: 'Security exception: Permission Denial: starting Intent { act=android.intent.action.MAIN cat=[android.intent.category.LAUNCHER] flg=0x10200000 cmp=in.dbst.shutappv1.dev/in.dbst.shutappv1.ui.components.launcher.ActivityLauncher } from null (pid=25524, uid=2000) not exported from uid 10299

java.lang.SecurityException: Permission Denial: starting Intent { act=android.intent.action.MAIN cat=[android.intent.category.LAUNCHER] flg=0x10200000 cmp=in.dbst.shutappv1.dev/in.dbst.shutappv1.ui.components.launcher.ActivityLauncher } from null (pid=25524, uid=2000) not exported from uid 10299
at com.android.server.am.ActivityStackSupervisor.checkStartAnyActivityPermission(ActivityStackSupervisor.java:2102)
at com.android.server.am.ActivityStarter.startActivity(ActivityStarter.java:681)
at com.android.server.am.ActivityStarter.startActivityLocked(ActivityStarter.java:455)
at com.android.server.am.ActivityStarter.startActivityMayWait(ActivityStarter.java:1376)
at com.android.server.am.ActivityManagerService.startActivityAndWait(ActivityManagerService.java:6520)
at com.android.server.am.ActivityManagerShellCommand.runStartActivity(ActivityManagerShellCommand.java:426)
at com.android.server.am.ActivityManagerShellCommand.onCommand(ActivityManagerShellCommand.java:142)
at android.os.ShellCommand.exec(ShellCommand.java:96)
at com.android.server.am.ActivityManagerService.onShellCommand(ActivityManagerService.java:19484)
at android.os.Binder.shellCommand(Binder.java:602)
at android.os.Binder.onTransact(Binder.java:500)
at android.app.IActivityManager$Stub.onTransact(IActivityManager.java:4713)
at com.android.server.am.ActivityManagerService.onTransact(ActivityManagerService.java:4032)
at android.os.Binder.execTransact(Binder.java:705)'; Code: '4294967295'
    at getResponseForW3CError (C:\Users\Shara\AppData\Roaming\npm\node_modules\appium\node_modules\appium-base-driver\lib\protocol\errors.js:826:9)
    at asyncHandler (C:\Users\Shara\AppData\Roaming\npm\node_modules\appium\node_modules\appium-base-driver\lib\protocol\protocol.js:447:37)
at java.base/jdk.internal.reflect.NativeConstructorAccessorImpl.newInstance0(Native Method)
at java.base/jdk.internal.reflect.NativeConstructorAccessorImpl.newInstance(NativeConstructorAccessorImpl.java:62)
at java.base/jdk.internal.reflect.DelegatingConstructorAccessorImpl.newInstance(DelegatingConstructorAccessorImpl.java:45)
at java.base/java.lang.reflect.Constructor.newInstanceWithCaller(Constructor.java:500)
at java.base/java.lang.reflect.Constructor.newInstance(Constructor.java:481)
at org.openqa.selenium.remote.W3CHandshakeResponse.lambda$errorHandler$0(W3CHandshakeResponse.java:62)
at org.openqa.selenium.remote.HandshakeResponse.lambda$getResponseFunction$0(HandshakeResponse.java:30)
at org.openqa.selenium.remote.ProtocolHandshake.lambda$createSession$0(ProtocolHandshake.java:126)
at java.base/java.util.stream.ReferencePipeline$3$1.accept(ReferencePipeline.java:195)
at java.base/java.util.Spliterators$ArraySpliterator.tryAdvance(Spliterators.java:958)
at java.base/java.util.stream.ReferencePipeline.forEachWithCancel(ReferencePipeline.java:127)
at java.base/java.util.stream.AbstractPipeline.copyIntoWithCancel(AbstractPipeline.java:502)
at java.base/java.util.stream.AbstractPipeline.copyInto(AbstractPipeline.java:488)
at java.base/java.util.stream.AbstractPipeline.wrapAndCopyInto(AbstractPipeline.java:474)
at java.base/java.util.stream.FindOps$FindOp.evaluateSequential(FindOps.java:150)
at java.base/java.util.stream.AbstractPipeline.evaluate(AbstractPipeline.java:234)
at java.base/java.util.stream.ReferencePipeline.findFirst(ReferencePipeline.java:543)
at org.openqa.selenium.remote.ProtocolHandshake.createSession(ProtocolHandshake.java:128)
... 42 more
]]>
    </error>
  </testcase> <!-- Capabilities -->
  <testcase classname="com.shutapp.bottomnavbutton.ProfilePage" name="MobileNumber" time="0.000">
    <skipped/>
  </testcase> <!-- MobileNumber -->
  <testcase classname="com.shutapp.bottomnavbutton.ProfilePage" name="EnterUserName" time="0.000">
    <skipped/>
  </testcase> <!-- EnterUserName -->
  <testcase classname="com.shutapp.bottomnavbutton.ProfilePage" name="WelCome" time="0.000">
    <skipped/>
  </testcase> <!-- WelCome -->
  <testcase classname="com.shutapp.bottomnavbutton.ProfilePage" name="ShutModes" time="0.000">
    <skipped/>
  </testcase> <!-- ShutModes -->
  <testcase classname="com.shutapp.bottomnavbutton.ProfilePage" name="CreateGroup" time="0.000">
    <skipped/>
  </testcase> <!-- CreateGroup -->
  <testcase classname="com.shutapp.bottomnavbutton.ProfilePage" name="BulkTextMessage" time="0.000">
    <skipped/>
  </testcase> <!-- BulkTextMessage -->
  <testcase classname="com.shutapp.bottomnavbutton.ProfilePage" name="AutoDelete" time="0.000">
    <skipped/>
  </testcase> <!-- AutoDelete -->
  <testcase classname="com.shutapp.bottomnavbutton.ProfilePage" name="BulkAudios" time="0.000">
    <skipped/>
  </testcase> <!-- BulkAudios -->
  <testcase classname="com.shutapp.bottomnavbutton.ProfilePage" name="AnonymousBulkImages" time="0.000">
    <skipped/>
  </testcase> <!-- AnonymousBulkImages -->
  <testcase classname="com.shutapp.bottomnavbutton.ProfilePage" name="BulkVideo" time="0.000">
    <skipped/>
  </testcase> <!-- BulkVideo -->
  <testcase classname="com.shutapp.bottomnavbutton.ProfilePage" name="BulkImage" time="0.000">
    <skipped/>
  </testcase> <!-- BulkImage -->
  <testcase classname="com.shutapp.bottomnavbutton.ProfilePage" name="AboutPage" time="0.000">
    <skipped/>
  </testcase> <!-- AboutPage -->
</testsuite> <!-- com.shutapp.bottomnavbutton.ProfilePage -->
