<?xml version="1.0" encoding="UTF-8"?>
<!-- Generated by org.testng.reporters.JUnitReportReporter -->
<testsuite hostname="SHARATH" failures="0" tests="1" name="com.shutapp.loginflow.Log4j" time="0.118" errors="0" timestamp="17 Jun 2019 09:21:49 GMT" skipped="0">
  <testcase classname="com.shutapp.loginflow.Log4j" name="log4j" time="0.118"/>
</testsuite> <!-- com.shutapp.loginflow.Log4j -->
