<?xml version="1.0" encoding="UTF-8"?>
<!-- Generated by org.testng.reporters.JUnitReportReporter -->
<testsuite hostname="SHARATH" failures="0" tests="4" name="com.shutapp.loginflow.AppiumServer" time="75.491" errors="0" timestamp="10 Jun 2019 06:51:48 GMT" skipped="0">
  <testcase classname="com.shutapp.loginflow.AppiumServer" name="MobileNumber" time="26.930"/>
  <testcase classname="com.shutapp.loginflow.AppiumServer" name="EnterUserName" time="31.883"/>
  <testcase classname="com.shutapp.loginflow.AppiumServer" name="WelCome" time="4.039"/>
  <testcase classname="com.shutapp.loginflow.AppiumServer" name="ShutModes" time="12.639"/>
</testsuite> <!-- com.shutapp.loginflow.AppiumServer -->
