<?xml version="1.0" encoding="UTF-8"?>
<!-- Generated by org.testng.reporters.JUnitReportReporter -->
<testsuite hostname="SHARATH" failures="0" tests="5" name="com.shutapp.buttomnavbutton.OpenGroup" time="112.035" errors="0" timestamp="11 Jun 2019 10:22:14 GMT" skipped="0">
  <testcase classname="com.shutapp.buttomnavbutton.OpenGroup" name="MobileNumber" time="28.060"/>
  <testcase classname="com.shutapp.buttomnavbutton.OpenGroup" name="EnterUserName" time="30.033"/>
  <testcase classname="com.shutapp.buttomnavbutton.OpenGroup" name="WelCome" time="5.888"/>
  <testcase classname="com.shutapp.buttomnavbutton.OpenGroup" name="ShutModes" time="10.343"/>
  <testcase classname="com.shutapp.buttomnavbutton.OpenGroup" name="OpenGroupSerach" time="37.711"/>
</testsuite> <!-- com.shutapp.buttomnavbutton.OpenGroup -->
