<?xml version="1.0" encoding="UTF-8"?>
<!-- Generated by org.testng.reporters.JUnitReportReporter -->
<testsuite hostname="LAPTOP-C0QGO0KF" failures="0" tests="1" name="com.shutapp.onboarding.call" time="12.338" errors="0" timestamp="10 May 2019 11:16:10 GMT" skipped="0">
  <testcase classname="com.shutapp.onboarding.call" name="CallMobileNumber" time="12.338"/>
</testsuite> <!-- com.shutapp.onboarding.call -->
