<?xml version="1.0" encoding="UTF-8"?>
<!-- Generated by org.testng.reporters.JUnitReportReporter -->
<testsuite hostname="LAPTOP-C0QGO0KF" failures="0" tests="1" name="com.shutapp.createsession.AppiumServer" time="14.883" errors="0" timestamp="15 May 2019 09:34:46 GMT" skipped="0">
  <testcase classname="com.shutapp.createsession.AppiumServer" name="MobileNumber" time="14.883"/>
</testsuite> <!-- com.shutapp.createsession.AppiumServer -->
