<?xml version="1.0" encoding="UTF-8"?>
<!-- Generated by org.testng.reporters.JUnitReportReporter -->
<testsuite hostname="SHARATH" failures="0" tests="12" name="com.shutapp.buttomnavbutton.ProfilePage" time="401.507" errors="0" timestamp="12 Jun 2019 06:28:32 GMT" skipped="0">
  <testcase classname="com.shutapp.buttomnavbutton.ProfilePage" name="MobileNumber" time="28.902"/>
  <testcase classname="com.shutapp.buttomnavbutton.ProfilePage" name="EnterUserName" time="25.616"/>
  <testcase classname="com.shutapp.buttomnavbutton.ProfilePage" name="WelCome" time="4.909"/>
  <testcase classname="com.shutapp.buttomnavbutton.ProfilePage" name="ShutModes" time="10.511"/>
  <testcase classname="com.shutapp.buttomnavbutton.ProfilePage" name="CreateGroup" time="39.391"/>
  <testcase classname="com.shutapp.buttomnavbutton.ProfilePage" name="BulkTextMessage" time="30.293"/>
  <testcase classname="com.shutapp.buttomnavbutton.ProfilePage" name="AutoDelete" time="55.801"/>
  <testcase classname="com.shutapp.buttomnavbutton.ProfilePage" name="BulkAudios" time="19.334"/>
  <testcase classname="com.shutapp.buttomnavbutton.ProfilePage" name="AnonymousBulkImages" time="32.904"/>
  <testcase classname="com.shutapp.buttomnavbutton.ProfilePage" name="BulkVideo" time="14.367"/>
  <testcase classname="com.shutapp.buttomnavbutton.ProfilePage" name="BulkImage" time="34.763"/>
  <testcase classname="com.shutapp.buttomnavbutton.ProfilePage" name="AboutPage" time="104.716"/>
</testsuite> <!-- com.shutapp.buttomnavbutton.ProfilePage -->
