<?xml version="1.0" encoding="UTF-8"?>
<!-- Generated by org.testng.reporters.JUnitReportReporter -->
<testsuite hostname="SHARATH" failures="0" tests="4" name="com.shutapp.loginflow.AppiumServer" time="73.745" errors="0" timestamp="06 Jun 2019 08:40:58 GMT" skipped="0">
  <testcase classname="com.shutapp.loginflow.AppiumServer" name="MobileNumber" time="27.456"/>
  <testcase classname="com.shutapp.loginflow.AppiumServer" name="EnterUserName" time="29.733"/>
  <testcase classname="com.shutapp.loginflow.AppiumServer" name="WelCome" time="6.278"/>
  <testcase classname="com.shutapp.loginflow.AppiumServer" name="ShutModes" time="10.278"/>
</testsuite> <!-- com.shutapp.loginflow.AppiumServer -->
