<?xml version="1.0" encoding="UTF-8"?>
<!-- Generated by org.testng.reporters.JUnitReportReporter -->
<testsuite hostname="SHARATH" failures="0" tests="4" name="com.shutapp.loginflow.AppiumServer" time="95.356" errors="0" timestamp="25 May 2019 06:59:35 GMT" skipped="0">
  <testcase classname="com.shutapp.loginflow.AppiumServer" name="MobileNumber" time="9.480"/>
  <testcase classname="com.shutapp.loginflow.AppiumServer" name="EnterUserName" time="59.659"/>
  <testcase classname="com.shutapp.loginflow.AppiumServer" name="WelCome" time="3.062"/>
  <testcase classname="com.shutapp.loginflow.AppiumServer" name="ShutModes" time="23.155"/>
</testsuite> <!-- com.shutapp.loginflow.AppiumServer -->
