<?xml version="1.0" encoding="UTF-8"?>
<!-- Generated by org.testng.reporters.JUnitReportReporter -->
<testsuite hostname="SHARATH" failures="0" tests="6" name="com.shutapp.sendBulkmessage.CreatePrivateGroup" time="165.227" errors="0" timestamp="31 May 2019 10:45:43 GMT" skipped="0">
  <testcase classname="com.shutapp.sendBulkmessage.CreatePrivateGroup" name="MobileNumber" time="28.470"/>
  <testcase classname="com.shutapp.sendBulkmessage.CreatePrivateGroup" name="EnterUserName" time="45.894"/>
  <testcase classname="com.shutapp.sendBulkmessage.CreatePrivateGroup" name="WelCome" time="3.365"/>
  <testcase classname="com.shutapp.sendBulkmessage.CreatePrivateGroup" name="ShutModes" time="9.838"/>
  <testcase classname="com.shutapp.sendBulkmessage.CreatePrivateGroup" name="CreateGroup" time="35.902"/>
  <testcase classname="com.shutapp.sendBulkmessage.CreatePrivateGroup" name="AutoDelete" time="41.758"/>
</testsuite> <!-- com.shutapp.sendBulkmessage.CreatePrivateGroup -->
