<?xml version="1.0" encoding="UTF-8"?>
<!-- Generated by org.testng.reporters.JUnitReportReporter -->
<testsuite hostname="LAPTOP-C0QGO0KF" failures="0" tests="1" name="com.dbst.createsession.ShutMode" time="71.134" errors="0" timestamp="22 May 2019 08:48:41 GMT" skipped="0">
  <testcase classname="com.dbst.createsession.ShutMode" name="ShutModes" time="71.134"/>
</testsuite> <!-- com.dbst.createsession.ShutMode -->
