<?xml version="1.0" encoding="UTF-8"?>
<!-- Generated by org.testng.reporters.JUnitReportReporter -->
<testsuite hostname="SHARATH" failures="0" tests="5" name="com.shutapp.bottomnavbutton.InvitePage" time="79.594" errors="0" timestamp="24 Jun 2019 05:56:34 GMT" skipped="0">
  <testcase classname="com.shutapp.bottomnavbutton.InvitePage" name="MobileNumber" time="27.562"/>
  <testcase classname="com.shutapp.bottomnavbutton.InvitePage" name="EnterUserName" time="28.838"/>
  <testcase classname="com.shutapp.bottomnavbutton.InvitePage" name="WelCome" time="4.755"/>
  <testcase classname="com.shutapp.bottomnavbutton.InvitePage" name="ShutModes" time="11.140"/>
  <testcase classname="com.shutapp.bottomnavbutton.InvitePage" name="Invite" time="7.299"/>
</testsuite> <!-- com.shutapp.bottomnavbutton.InvitePage -->
