<?xml version="1.0" encoding="UTF-8"?>
<!-- Generated by org.testng.reporters.JUnitReportReporter -->
<testsuite hostname="SHARATH" failures="0" tests="4" name="com.shutapp.loginflow.AppiumServer" time="73.168" errors="0" timestamp="17 Jun 2019 09:43:47 GMT" skipped="0">
  <testcase classname="com.shutapp.loginflow.AppiumServer" name="MobileNumber" time="27.595"/>
  <testcase classname="com.shutapp.loginflow.AppiumServer" name="EnterUserName" time="30.854"/>
  <testcase classname="com.shutapp.loginflow.AppiumServer" name="WelCome" time="4.599"/>
  <testcase classname="com.shutapp.loginflow.AppiumServer" name="ShutModes" time="10.120"/>
</testsuite> <!-- com.shutapp.loginflow.AppiumServer -->
