<?xml version="1.0" encoding="UTF-8"?>
<!-- Generated by org.testng.reporters.JUnitReportReporter -->
<testsuite hostname="SHARATH" failures="0" tests="1" name="com.dbst.recentchats.BulkVideos" time="177.630" errors="0" timestamp="28 May 2019 13:42:36 GMT" skipped="0">
  <testcase classname="com.dbst.recentchats.BulkVideos" name="BulkVideos" time="177.630"/>
</testsuite> <!-- com.dbst.recentchats.BulkVideos -->
