<?xml version="1.0" encoding="UTF-8"?>
<!-- Generated by org.testng.reporters.JUnitReportReporter -->
<testsuite hostname="SHARATH" failures="0" tests="4" name="com.shutapp.loginflow.Scrolling" time="80.418" errors="0" timestamp="05 Jun 2019 05:51:21 GMT" skipped="0">
  <testcase classname="com.shutapp.loginflow.Scrolling" name="MobileNumber" time="22.335"/>
  <testcase classname="com.shutapp.loginflow.Scrolling" name="EnterUserName" time="44.046"/>
  <testcase classname="com.shutapp.loginflow.Scrolling" name="WelCome" time="3.127"/>
  <testcase classname="com.shutapp.loginflow.Scrolling" name="ShutModes" time="10.910"/>
</testsuite> <!-- com.shutapp.loginflow.Scrolling -->
