<?xml version="1.0" encoding="UTF-8"?>
<!-- Generated by org.testng.reporters.JUnitReportReporter -->
<testsuite hostname="SHARATH" failures="0" tests="5" name="com.shutapp.sendBulkmessage.Swipe_to_ShutMode" time="89.808" errors="1" timestamp="06 Jun 2019 08:30:05 GMT" skipped="0">
  <testcase classname="com.shutapp.sendBulkmessage.Swipe_to_ShutMode" name="MobileNumber" time="27.840"/>
  <testcase classname="com.shutapp.sendBulkmessage.Swipe_to_ShutMode" name="EnterUserName" time="45.967"/>
  <testcase classname="com.shutapp.sendBulkmessage.Swipe_to_ShutMode" name="WelCome" time="4.504"/>
  <testcase classname="com.shutapp.sendBulkmessage.Swipe_to_ShutMode" name="ShutModes" time="10.782"/>
  <testcase classname="com.shutapp.sendBulkmessage.Swipe_to_ShutMode" name="ShutMode_Swipes" time="0.715">
    <error message="class io.appium.java_client.android.AndroidElement cannot be cast to class org.openqa.selenium.Point (io.appium.java_client.android.AndroidElement and org.openqa.selenium.Point are in unnamed module of loader &#039;app&#039;)" type="java.lang.ClassCastException">
      <![CDATA[java.lang.ClassCastException: class io.appium.java_client.android.AndroidElement cannot be cast to class org.openqa.selenium.Point (io.appium.java_client.android.AndroidElement and org.openqa.selenium.Point are in unnamed module of loader 'app')
at com.shutapp.sendBulkmessage.Swipe_to_ShutMode.ShutMode_Swipes(Swipe_to_ShutMode.java:32)
at java.base/jdk.internal.reflect.NativeMethodAccessorImpl.invoke0(Native Method)
at java.base/jdk.internal.reflect.NativeMethodAccessorImpl.invoke(NativeMethodAccessorImpl.java:62)
at java.base/jdk.internal.reflect.DelegatingMethodAccessorImpl.invoke(DelegatingMethodAccessorImpl.java:43)
at java.base/java.lang.reflect.Method.invoke(Method.java:567)
at org.testng.internal.MethodInvocationHelper.invokeMethod(MethodInvocationHelper.java:124)
at org.testng.internal.Invoker.invokeMethod(Invoker.java:583)
at org.testng.internal.Invoker.invokeTestMethod(Invoker.java:719)
at org.testng.internal.Invoker.invokeTestMethods(Invoker.java:989)
at org.testng.internal.TestMethodWorker.invokeTestMethods(TestMethodWorker.java:125)
at org.testng.internal.TestMethodWorker.run(TestMethodWorker.java:109)
at org.testng.TestRunner.privateRun(TestRunner.java:648)
at org.testng.TestRunner.run(TestRunner.java:505)
at org.testng.SuiteRunner.runTest(SuiteRunner.java:455)
at org.testng.SuiteRunner.runSequentially(SuiteRunner.java:450)
at org.testng.SuiteRunner.privateRun(SuiteRunner.java:415)
at org.testng.SuiteRunner.run(SuiteRunner.java:364)
at org.testng.SuiteRunnerWorker.runSuite(SuiteRunnerWorker.java:52)
at org.testng.SuiteRunnerWorker.run(SuiteRunnerWorker.java:84)
at org.testng.TestNG.runSuitesSequentially(TestNG.java:1208)
at org.testng.TestNG.runSuitesLocally(TestNG.java:1137)
at org.testng.TestNG.runSuites(TestNG.java:1049)
at org.testng.TestNG.run(TestNG.java:1017)
at org.testng.remote.AbstractRemoteTestNG.run(AbstractRemoteTestNG.java:115)
at org.testng.remote.RemoteTestNG.initAndRun(RemoteTestNG.java:251)
at org.testng.remote.RemoteTestNG.main(RemoteTestNG.java:77)
]]>
    </error>
  </testcase> <!-- ShutMode_Swipes -->
</testsuite> <!-- com.shutapp.sendBulkmessage.Swipe_to_ShutMode -->
