<?xml version="1.0" encoding="UTF-8"?>
<!-- Generated by org.testng.reporters.JUnitReportReporter -->
<testsuite hostname="SHARATH" failures="0" tests="1" name="com.dbst.createsession.ShutMode" time="55.600" errors="0" timestamp="24 May 2019 06:25:24 GMT" skipped="0">
  <testcase classname="com.dbst.createsession.ShutMode" name="ShutModes" time="55.600"/>
</testsuite> <!-- com.dbst.createsession.ShutMode -->
