<?xml version="1.0" encoding="UTF-8"?>
<!-- Generated by org.testng.reporters.JUnitReportReporter -->
<testsuite hostname="SHARATH" failures="0" tests="5" name="com.shutapp.createsession.AppiumServer" time="105.874" errors="0" timestamp="25 May 2019 06:41:32 GMT" skipped="0">
  <testcase classname="com.shutapp.createsession.AppiumServer" name="Capabilities" time="10.741"/>
  <testcase classname="com.shutapp.createsession.AppiumServer" name="MobileNumber" time="7.577"/>
  <testcase classname="com.shutapp.createsession.AppiumServer" name="EnterUserName" time="59.807"/>
  <testcase classname="com.shutapp.createsession.AppiumServer" name="WelCome" time="3.224"/>
  <testcase classname="com.shutapp.createsession.AppiumServer" name="ShutModes" time="24.525"/>
</testsuite> <!-- com.shutapp.createsession.AppiumServer -->
