<?xml version="1.0" encoding="UTF-8"?>
<!-- Generated by org.testng.reporters.JUnitReportReporter -->
<testsuite hostname="SHARATH" failures="0" tests="1" name="com.shutapp.loginflow.AppiumServer" time="30.418" errors="0" timestamp="28 May 2019 05:33:29 GMT" skipped="0">
  <testcase classname="com.shutapp.loginflow.AppiumServer" name="MobileNumber" time="30.418"/>
</testsuite> <!-- com.shutapp.loginflow.AppiumServer -->
